"MLA915941008","Notebook Dell Inspiron 5593 Platinum Silver 15.6 , Intel Core I5 1035g1 8gb De Ram 256gb Ssd, Intel Uhd Graphics 1920x1080px Windows 10 Home","MLA1652", "Notebooks"
"MLA912269991"," Apc Back-ups Pro 900 Br900g-ar 900va Con Entrada Y Salida De 230v  Negro","MLA1720", "UPS"
"MLA914876446"," Apc Back-ups Bx550ci-ar 550va Con Entrada Y Salida De 230v  Negro","MLA1720", "UPS"
"MLA916045865","Notebook Dell Latitude 3510 Gris 15.6 , Intel Core I7 10510u 16gb De Ram 256gb Ssd, Intel Uhd Graphics 1366x768px Windows 10 Pro","MLA1652", "Notebooks"
"MLA863267784","Monitor Gamer Dell Professional P2018h Led 20   Negro 100v/240v","MLA14407", "Monitores"
"MLA912269713"," Apc Back-ups Pro 1200 Br1200g-ar 1200va Con Entrada Y Salida De 230v  Negro","MLA1720", "UPS"
"MLA912270438"," Apc Back-ups Bx1100ci-ar 1100va Con Entrada Y Salida De 230v  Negro","MLA1720", "UPS"
"MLA843116615","Monitor Gamer Dell P2419h Led 24   Negro 100v/240v","MLA14407", "Monitores"
"MLA915051639","Notebook Dell Latitude 3510 Gris 15.6 , Intel Core I7 10510u 16gb De Ram 1tb Hdd 256gb Ssd, Nvidia Gefroce Mx230 1920x1080px Windows 10 Pro","MLA1652", "Notebooks"
"MLA874472550","Router Linksys Ea-series Ea6100  Negro 100v/240v","MLA430901", "Routers"
"MLA912273972"," Apc Back-ups Pro 550 Br550g-ar 550va Con Entrada Y Salida De 230v  Negro","MLA1720", "UPS"
"MLA876794922","Impresora  Multifunción Lexmark Mb2546adwe Con Wifi 220v Gris Y Blanca","MLA1676", "Impresoras"
"MLA907606600","Impresora Lexmark B2338dw Con Wifi 220v Gris Y Blanca","MLA1676", "Impresoras"
"MLA912273096"," Apc Easy Ups Srv3000 Srv3ki-ar 3000va Con Entrada Y Salida De 220v/240v  Negro","MLA1720", "UPS"
"MLA915052218","Notebook Dell Latitude 3510 Gris 15.6 , Intel Core I7 10510u 8gb De Ram 256gb Ssd, Nvidia Geforce Mx230 1920x1080px Windows 10 Pro","MLA1652", "Notebooks"
"MLA915943267","Notebook Dell Inspiron 3501 Negra 15.6 , Intel Core I3 1005g1 4gb De Ram 1tb Hdd, Intel Uhd Graphics 60 Hz 1366x768px Linux Ubuntu","MLA1652", "Notebooks"
"MLA870593130","Access Point, Repetidor, Router Linksys Max-stream Ea8300  Negro 100v/240v","MLA430901", "Routers"
"MLA912273152"," Apc Back-ups Pro 1500 Br1500g-ar 1500va Con Entrada Y Salida De 230v  Negro","MLA1720", "UPS"
"MLA884735834","Repetidor Linksys Re6500  Negro","MLA430901", "Routers"
"MLA916064282","Notebook Dell Latitude 3510 Gris 15.6 , Intel Core I7 10510u 4gb De Ram 256gb Ssd, Nvidia Geforce Mx230 1920x1080px Windows 10 Pro","MLA1652", "Notebooks"
"MLA912272809"," Apc Smart-ups Src3000xli 3000va Con Entrada Y Salida De 230v  Negro","MLA1720", "UPS"
"MLA912273289"," Apc Back-ups Bx800ci-ar 800va Con Entrada Y Salida De 230v  Negro","MLA1720", "UPS"
"MLA914634860","Access Point Interior Cisco 100 Series Wap150  Blanco","MLA430901", "Routers"
"MLA884735971","Impresora  Multifunción Lexmark Mb2442adwe Con Wifi 220v Gris Y Blanca","MLA1676", "Impresoras"
"MLA912274211"," Apc Smart-ups Smt3000r2i-ar 3000va Con Entrada Y Salida De 220v/240v  Negro","MLA1720", "UPS"
"MLA604049998","Ups Apc Easy Bv650i-ar 650va Gtia Oficial 2 Años Bv650","MLA1720", "UPS"
"MLA673321805","Ups Apc 1500va Estabilizador Y Protector De Tension - Alto Rendimiento Para Pc De Hogar Y Oficina Gtia 2años","MLA1720", "UPS"
"MLA609714711","Ups Apc Back-ups Pro 550va 230 Estabilizador Y Protector De Tensión Con Ahorro De Energia Gtia Oficial Br550","MLA1720", "UPS"
"MLA614270271","Estabilizador Ups Apc 900va Con Garantia Oficial Para Tv, Play, Equipos De Audio Y Pc Con Ahorro De Energia","MLA1720", "UPS"
"MLA723753317","Ups Apc Br900g-ar 900va 6 Tomas Estabilizador Gtia 2 Años","MLA1720", "UPS"
"MLA609115444","Ups Apc De Alto Rendimiento 1200va Estabilizador Y Protector De Tension Garantía Oficial De 2 Años Ups","MLA1720", "UPS"
"MLA901150550","Notebook Dell Latitude I7 3510 16gb 256ssd Geforce W10 Pro","MLA1652", "Notebooks"
"MLA679000840","Ups Apc Bx1100ci Para Tv, Play, Audio, 6 Tomas Estabilizador","MLA1720", "UPS"
"MLA850688285","Notebook Dell Inspiron I5 256ssd + 1tb 16gb W10 Gforce Ram","MLA1652", "Notebooks"
"MLA678026676","Switch Cisco 24 Puertos 10/100 Rackeable No Adm Para Hogar Y Empresa - Garantia Oficial - Factura A Y B","MLA1708", "Switches"
"MLA671611260","Ups Apc Br900g-ar 900va 6 Tomas Estabilizador Gtia 2 Años","MLA1720", "UPS"
"MLA723747931","Ups Apc Bx550ci-ar 550va 3 Tomas Garantía 2 Años Oferta","MLA1720", "UPS"
"MLA830190937","Notebook Lapto Dell I3 16gb 1tb + Ssd 480gb Win10 Oferta","MLA1652", "Notebooks"
"MLA839633052","Ups Apc Easy Bv500i-ar 500va Bv500 Gtia Oficial 2 Años","MLA1720", "UPS"
"MLA609550688","Ups Apc Easy 500va Estabilizador Y Protector De Tension Con Ahorro De Energia Gtia Oficial 2 Años","MLA1720", "UPS"
"MLA711874339","Ups Apc Bx1100ci 1100va 6 Tomas Estabilizador Y Protector De Tension Gtia Oficial Para Pc Gamer Con Ahorro De Energia","MLA1720", "UPS"
"MLA614716924","Ups Apc Br550g-ar Back-ups Pro 550va 230 Estabilizador Br550","MLA1720", "UPS"
"MLA680918722","Notebook Dell Inspiron I5 16gb 256ssd Win 10 Gforce Oferta","MLA1652", "Notebooks"
"MLA881143305","Notebook Dell Inspiron I5 256ssd + 480ssd 16gb W10","MLA1652", "Notebooks"
"MLA714545399","Switch Cisco Semi Admin 24 Puertos 10/100 2 Giga Sf220-24-k9","MLA1708", "Switches"
"MLA863060151","Router Wifi Linksys Ea6100 Dualband Usb 3.0 Control Parental","MLA430901", "Routers"
"MLA795525213","Ups Apc Easy Bv500i-ar 500va Bv500 Gtia Oficial 2 Años","MLA1720", "UPS"
"MLA763012088","Monitor Dell 24 Profesional P2419h 1080 60hz Vertical","MLA14407", "Monitores"
"MLA901159165","Notebook Dell Latitude I7 3510 16gb 256ssd + 1tb Gf Win10p","MLA1652", "Notebooks"
"MLA901140284","Notebook Dell Latitude I7 3510 32gb 256ssd Geforce W10 Pro","MLA1652", "Notebooks"
